<?xml version="1.0" encoding="UTF-8"?>
<testng-results skipped="0" failed="0" ignored="0" total="2" passed="2">
  <reporter-output>
  </reporter-output>
  <suite name="Suite" duration-ms="10487" started-at="2019-04-03T11:00:58Z" finished-at="2019-04-03T11:01:09Z">
    <groups>
    </groups>
    <test name="Test" duration-ms="10487" started-at="2019-04-03T11:00:58Z" finished-at="2019-04-03T11:01:09Z">
      <class name="BrowserLaunch">
        <test-method status="PASS" signature="launchBrowser()[pri:0, instance:BrowserLaunch@1b604f19]" name="launchBrowser" duration-ms="4582" started-at="2019-04-03T11:00:58Z" finished-at="2019-04-03T11:01:03Z">
          <reporter-output>
          </reporter-output>
        </test-method> <!-- launchBrowser -->
        <test-method status="PASS" signature="launchFB()[pri:0, instance:BrowserLaunch@1b604f19]" name="launchFB" duration-ms="5870" started-at="2019-04-03T11:01:03Z" finished-at="2019-04-03T11:01:09Z">
          <reporter-output>
          </reporter-output>
        </test-method> <!-- launchFB -->
      </class> <!-- BrowserLaunch -->
    </test> <!-- Test -->
  </suite> <!-- Suite -->
</testng-results>
